✘ [ERROR] Unexpected end of file before a closing "div" tag

    src/ui/pages/Dashboard.tsx:1277:5:
      1277 │      
           │      ^
           ╵      </div>

  The opening "div" tag is here:

    src/ui/pages/Dashboard.tsx:1274:11:
      1274 │           <div className="flex gap-2 justify-end">
           ╵            ~~~

1 error
node:child_process:955
    throw err;
    ^

Error: Command failed: /sessions/practical-confident-johnson/mnt/Exam coach/node_modules/@esbuild/linux-x64/bin/esbuild src/ui/pages/Dashboard.tsx --jsx=automatic
    at genericNodeError (node:internal/errors:983:15)
    at wrappedFn (node:internal/errors:537:14)
    at checkExecSyncError (node:child_process:916:11)
    at Object.execFileSync (node:child_process:952:15)
    at Object.<anonymous> (/sessions/practical-confident-johnson/mnt/Exam coach/node_modules/esbuild/bin/esbuild:219:28)
    at Module._compile (node:internal/modules/cjs/loader:1781:14)
    at Object..js (node:internal/modules/cjs/loader:1913:10)
    at Module.load (node:internal/modules/cjs/loader:1505:32)
    at Function._load (node:internal/modules/cjs/loader:1309:12)
    at wrapModuleLoad (node:internal/modules/cjs/loader:254:19) {
  status: 1,
  signal: null,
  output: [ null, null, null ],
  pid: 28,
  stdout: null,
  stderr: null
}

Node.js v22.22.3
